     1                                  start:
     2 00000000 B800B8                  mov ax, 0xb800 
     3 00000003 8ED8                    mov ds, ax 
     4 00000005 C606000048              mov byte [0x00] , 0x48 
     5 0000000A C606010004              mov byte [0x01] , 0x04 
     6                                  
     7 0000000F C606020065              mov byte [0x02] , 'e' 
     8 00000014 C606030004              mov byte [0x03] , 0x04 
     9                                  
    10 00000019 C60604006C              mov byte [0x04] , 'l' 
    11 0000001E C606050004              mov byte [0x05] , 0x04 
    12                                  
    13 00000023 C60606006C              mov byte [0x06] , 'l' 
    14 00000028 C606070004              mov byte [0x07] , 0x04 
    15                                  
    16 0000002D C60608006F              mov byte [0x08] , 'o' 
    17 00000032 C606090004              mov byte [0x09] , 0x04 
    18                                   
    19 00000037 C6060A0020              mov byte [0x0a] , ' ' 
    20 0000003C C6060B0004              mov byte [0x0b] , 0x04  
    21                                  
    22                                  
    23 00000041 C6060C0057              mov byte [0x0c] , 'W' 
    24 00000046 C6060D0004              mov byte [0x0d] , 0x04 
    25                                  
    26 0000004B C6060E006F              mov byte [0x0e] , 'o' 
    27 00000050 C6060F0004              mov byte [0x0f] , 0x04  
    28                                  
    29 00000055 C606100072              mov byte [0x10] , 'r' 
    30 0000005A C606110004              mov byte [0x11] , 0x04 
    31                                  
    32 0000005F C60612006C              mov byte [0x12] , 'l' 
    33 00000064 C606130004              mov byte [0x13] , 0x04  
    34                                  
    35 00000069 C606140064              mov byte [0x14] , 'd'  
    36 0000006E C606150004              mov byte [0x15] , 0x04 
    37                                  
    38 00000073 EA007C0000              jmp 0x0000:0x7c00 
    39                                  
    40                                  end_start: 
    41                                  
    42 00000078 00<rep 186h>            times  510 - (end_start - start) db 0 
    43                                  
    44 000001FE 55                      db 0x55 
    45 000001FF AA                      db 0xAA
    46                                  
    47                                  
    48                                  
    49                                  
    50                                  
    51                                  
    52                                  
    53                                  
    54                                  
    55                                  
    56                                  
    57                                  
    58                                  
